2024-10-09 11:13:10 INFO  TC001_AccountRegistrationTest:15 - ***** Starting TC001_AccountRegistrationTest  ****
2024-10-09 11:13:11 INFO  TC001_AccountRegistrationTest:21 - Clicked on MyAccount Link.. 
2024-10-09 11:13:11 INFO  TC001_AccountRegistrationTest:24 - Clicked on Register Link.. 
2024-10-09 11:13:11 INFO  TC001_AccountRegistrationTest:28 - Providing customer details...
2024-10-09 11:13:13 INFO  TC001_AccountRegistrationTest:42 - Validating expected message..
2024-10-09 11:13:13 INFO  TC001_AccountRegistrationTest:47 - Test passed
2024-10-09 11:13:13 INFO  TC001_AccountRegistrationTest:56 - ***** Finished TC001_AccountRegistrationTest *****
2024-10-09 11:13:16 INFO  TC002_LoginTest:16 - ****** Startign TC_002_LoginTest *****
2024-10-09 11:14:37 INFO  TC001_AccountRegistrationTest:15 - ***** Starting TC001_AccountRegistrationTest  ****
2024-10-09 11:14:37 INFO  TC001_AccountRegistrationTest:21 - Clicked on MyAccount Link.. 
2024-10-09 11:14:38 INFO  TC001_AccountRegistrationTest:24 - Clicked on Register Link.. 
2024-10-09 11:14:38 INFO  TC001_AccountRegistrationTest:28 - Providing customer details...
2024-10-09 11:14:39 INFO  TC001_AccountRegistrationTest:42 - Validating expected message..
2024-10-09 11:14:40 INFO  TC001_AccountRegistrationTest:47 - Test passed
2024-10-09 11:14:40 INFO  TC001_AccountRegistrationTest:56 - ***** Finished TC001_AccountRegistrationTest *****
2024-10-09 11:14:43 INFO  TC002_LoginTest:16 - ****** Startign TC_002_LoginTest *****
2024-10-09 11:14:59 INFO  TC003_LoginDDT:26 - ***** stating TC_003_LoginDDT ******
2024-10-09 11:15:11 INFO  TC003_LoginDDT:26 - ***** stating TC_003_LoginDDT ******
2024-10-09 11:15:18 INFO  TC003_LoginDDT:79 - ***** Finished TC_003_LoginDDT ******
2024-10-09 11:15:18 INFO  TC003_LoginDDT:26 - ***** stating TC_003_LoginDDT ******
2024-10-09 11:15:25 INFO  TC003_LoginDDT:79 - ***** Finished TC_003_LoginDDT ******
2024-10-09 11:15:25 INFO  TC003_LoginDDT:26 - ***** stating TC_003_LoginDDT ******
2024-10-09 11:15:39 INFO  TC003_LoginDDT:79 - ***** Finished TC_003_LoginDDT ******
2024-10-09 11:15:39 INFO  TC003_LoginDDT:26 - ***** stating TC_003_LoginDDT ******
2024-10-09 11:15:45 INFO  TC003_LoginDDT:79 - ***** Finished TC_003_LoginDDT ******
2024-10-09 11:15:45 INFO  TC003_LoginDDT:26 - ***** stating TC_003_LoginDDT ******
2024-10-09 11:15:59 INFO  TC003_LoginDDT:79 - ***** Finished TC_003_LoginDDT ******
